<?xml version="1.0" encoding="UTF-8"?>
<testsuite xmlns:xsi="http://www.w3.org/2001/XMLSchema-instance" xsi:noNamespaceSchemaLocation="https://maven.apache.org/surefire/maven-surefire-plugin/xsd/surefire-test-report-3.0.xsd" version="3.0" name="com.example.orderserver.OrderServiceTest" time="20.039" tests="5" errors="0" skipped="0" failures="0">
  <properties>
[...]
</properties>
  <testcase name="orderShouldBeDeletedFromDatabase" classname="com.example.orderserver.OrderServiceTest" time="1.93">
    <system-out><![CDATA[11:54:29.822 [main] INFO org.springframework.test.context.support.AnnotationConfigContextLoaderUtils -- Could not detect default configuration classes for test class [com.example.orderserver.OrderServiceTest]: OrderServiceTest does not declare any static, non-private, non-final, nested classes annotated with @Configuration.
11:54:30.031 [main] INFO org.springframework.boot.test.context.SpringBootTestContextBootstrapper -- Found @SpringBootConfiguration com.example.orderserver.OrderServerApplication for test class com.example.orderserver.OrderServiceTest

  .   ____          _            __ _ _
 /\\ / ___'_ __ _ _(_)_ __  __ _ \ \ \ \
( ( )\___ | '_ | '_| | '_ \/ _` | \ \ \ \
 \\/  ___)| |_)| | | | | || (_| |  ) ) ) )
  '  |____| .__|_| |_|_| |_\__, | / / / /
 =========|_|==============|___/=/_/_/_/

 :: Spring Boot ::                (v3.3.5)

2026-04-04T11:54:30.831+09:00  INFO 3212 --- [           main] c.example.orderserver.OrderServiceTest   : Starting OrderServiceTest using Java 17.0.18 with PID 3212 (started by wyver in C:\Users\wyver\OneDrive\문서\Playground)
2026-04-04T11:54:30.835+09:00  INFO 3212 --- [           main] c.example.orderserver.OrderServiceTest   : No active profile set, falling back to 1 default profile: "default"
2026-04-04T11:54:33.422+09:00  INFO 3212 --- [           main] .s.d.r.c.RepositoryConfigurationDelegate : Bootstrapping Spring Data JPA repositories in DEFAULT mode.
2026-04-04T11:54:33.646+09:00  INFO 3212 --- [           main] .s.d.r.c.RepositoryConfigurationDelegate : Finished Spring Data repository scanning in 191 ms. Found 2 JPA repository interfaces.
2026-04-04T11:54:35.788+09:00  INFO 3212 --- [           main] o.hibernate.jpa.internal.util.LogHelper  : HHH000204: Processing PersistenceUnitInfo [name: default]
2026-04-04T11:54:36.175+09:00  INFO 3212 --- [           main] org.hibernate.Version                    : HHH000412: Hibernate ORM core version 6.5.3.Final
2026-04-04T11:54:36.327+09:00  INFO 3212 --- [           main] o.h.c.internal.RegionFactoryInitiator    : HHH000026: Second-level cache disabled
2026-04-04T11:54:37.843+09:00  INFO 3212 --- [           main] o.s.o.j.p.SpringPersistenceUnitInfo      : No LoadTimeWeaver setup: ignoring JPA class transformer
2026-04-04T11:54:38.009+09:00  INFO 3212 --- [           main] com.zaxxer.hikari.HikariDataSource       : HikariPool-1 - Starting...
2026-04-04T11:54:38.574+09:00  INFO 3212 --- [           main] com.zaxxer.hikari.pool.HikariPool        : HikariPool-1 - Added connection conn0: url=jdbc:h2:mem:testdb user=SA
2026-04-04T11:54:38.577+09:00  INFO 3212 --- [           main] com.zaxxer.hikari.HikariDataSource       : HikariPool-1 - Start completed.
2026-04-04T11:54:41.785+09:00  INFO 3212 --- [           main] o.h.e.t.j.p.i.JtaPlatformInitiator       : HHH000489: No JTA platform available (set 'hibernate.transaction.jta.platform' to enable JTA platform integration)
2026-04-04T11:54:41.928+09:00  INFO 3212 --- [           main] j.LocalContainerEntityManagerFactoryBean : Initialized JPA EntityManagerFactory for persistence unit 'default'
2026-04-04T11:54:47.251+09:00  INFO 3212 --- [           main] c.example.orderserver.OrderServiceTest   : Started OrderServiceTest in 16.935 seconds (process running for 18.661)
]]></system-out>
  </testcase>
  <testcase name="orderShouldBeUpdatedInDatabase" classname="com.example.orderserver.OrderServiceTest" time="0.089"/>
  <testcase name="adminOrderShouldBeSentToRobot" classname="com.example.orderserver.OrderServiceTest" time="0.052"/>
  <testcase name="invalidStatusJumpShouldFail" classname="com.example.orderserver.OrderServiceTest" time="0.066"/>
  <testcase name="statusShouldFollowDefinedSequence" classname="com.example.orderserver.OrderServiceTest" time="0.061"/>
</testsuite>